<?xml version="1.0" encoding="UTF-8"?>
<testsuite xmlns:xsi="http://www.w3.org/2001/XMLSchema-instance" xsi:noNamespaceSchemaLocation="https://maven.apache.org/surefire/maven-surefire-plugin/xsd/surefire-test-report.xsd" name="com.santander.challenge.service.MeetServiceTest" time="0.551" tests="3" errors="0" skipped="0" failures="0">
  <properties>
[...]
</properties>
  <testcase name="whenFindAllMeetUpsThenReturnList" classname="com.santander.challenge.service.MeetServiceTest" time="0.525"/>
  <testcase name="whenFindAllThenReturnValidList" classname="com.santander.challenge.service.MeetServiceTest" time="0.006"/>
  <testcase name="whenDeleteInvalidMeetUpThrowsError" classname="com.santander.challenge.service.MeetServiceTest" time="0.003"/>
</testsuite>